<?xml version="1.0" encoding="UTF-8"?>
<testng-results ignored="0" total="2" passed="2" failed="0" skipped="0">
  <reporter-output>
  </reporter-output>
  <suite started-at="2023-01-23T00:55:06 IST" name="Suite" finished-at="2023-01-23T00:55:06 IST" duration-ms="0">
    <groups>
    </groups>
  </suite> <!-- Suite -->
  <suite started-at="2023-01-23T00:54:46 IST" name="Suite (0)" finished-at="2023-01-23T00:55:06 IST" duration-ms="19823">
    <groups>
    </groups>
    <test started-at="2023-01-23T00:54:46 IST" name="Test_chrome" finished-at="2023-01-23T00:55:06 IST" duration-ms="19823">
      <class name="Test_Case.login_verify_page">
        <test-method is-config="true" signature="initilazitinon()[pri:0, instance:Test_Case.login_verify_page@4d1c005e]" started-at="2023-01-23T00:54:45 IST" name="initilazitinon" finished-at="2023-01-23T00:54:46 IST" duration-ms="421" status="PASS">
          <reporter-output>
          </reporter-output>
        </test-method> <!-- initilazitinon -->
        <test-method is-config="true" signature="setup(java.lang.String)[pri:0, instance:Test_Case.login_verify_page@4d1c005e]" started-at="2023-01-23T00:54:46 IST" name="setup" finished-at="2023-01-23T00:54:48 IST" duration-ms="2423" status="PASS">
          <params>
            <param index="0">
              <value>
                <![CDATA[chrome]]>
              </value>
            </param>
          </params>
          <reporter-output>
          </reporter-output>
        </test-method> <!-- setup -->
        <test-method signature="verify_TC_01_verifyloginpage()[pri:0, instance:Test_Case.login_verify_page@4d1c005e]" started-at="2023-01-23T00:54:48 IST" name="verify_TC_01_verifyloginpage" finished-at="2023-01-23T00:54:49 IST" duration-ms="350" status="PASS">
          <reporter-output>
          </reporter-output>
        </test-method> <!-- verify_TC_01_verifyloginpage -->
        <test-method is-config="true" signature="close()[pri:0, instance:Test_Case.login_verify_page@4d1c005e]" started-at="2023-01-23T00:54:54 IST" name="close" finished-at="2023-01-23T00:54:54 IST" duration-ms="95" status="PASS">
          <reporter-output>
          </reporter-output>
        </test-method> <!-- close -->
        <test-method is-config="true" signature="setup(java.lang.String)[pri:0, instance:Test_Case.login_verify_page@4d1c005e]" started-at="2023-01-23T00:54:54 IST" name="setup" finished-at="2023-01-23T00:54:56 IST" duration-ms="1926" status="PASS">
          <params>
            <param index="0">
              <value>
                <![CDATA[chrome]]>
              </value>
            </param>
          </params>
          <reporter-output>
          </reporter-output>
        </test-method> <!-- setup -->
        <test-method signature="verify_TC_02_verifyloginpage()[pri:0, instance:Test_Case.login_verify_page@4d1c005e]" started-at="2023-01-23T00:54:56 IST" name="verify_TC_02_verifyloginpage" finished-at="2023-01-23T00:54:56 IST" duration-ms="275" status="PASS">
          <reporter-output>
          </reporter-output>
        </test-method> <!-- verify_TC_02_verifyloginpage -->
        <test-method is-config="true" signature="close()[pri:0, instance:Test_Case.login_verify_page@4d1c005e]" started-at="2023-01-23T00:55:06 IST" name="close" finished-at="2023-01-23T00:55:06 IST" duration-ms="107" status="PASS">
          <reporter-output>
          </reporter-output>
        </test-method> <!-- close -->
      </class> <!-- Test_Case.login_verify_page -->
    </test> <!-- Test_chrome -->
  </suite> <!-- Suite (0) -->
</testng-results>
